mode: set
github.com/bhmj/expression_parser/errors.go:12.13,17.2 4 1
github.com/bhmj/expression_parser/evaluator.go:54.70,55.22 1 1
github.com/bhmj/expression_parser/evaluator.go:58.2,59.31 2 1
github.com/bhmj/expression_parser/evaluator.go:63.2,69.16 3 1
github.com/bhmj/expression_parser/evaluator.go:72.2,72.49 1 1
github.com/bhmj/expression_parser/evaluator.go:79.2,80.28 2 1
github.com/bhmj/expression_parser/evaluator.go:55.22,57.3 1 1
github.com/bhmj/expression_parser/evaluator.go:59.31,61.3 1 1
github.com/bhmj/expression_parser/evaluator.go:69.16,71.3 1 0
github.com/bhmj/expression_parser/evaluator.go:72.49,74.17 2 1
github.com/bhmj/expression_parser/evaluator.go:74.17,76.4 1 1
github.com/bhmj/expression_parser/evaluator.go:85.81,88.52 2 1
github.com/bhmj/expression_parser/evaluator.go:98.2,98.30 1 0
github.com/bhmj/expression_parser/evaluator.go:88.52,91.3 1 1
github.com/bhmj/expression_parser/evaluator.go:91.8,91.59 1 1
github.com/bhmj/expression_parser/evaluator.go:91.59,94.3 1 1
github.com/bhmj/expression_parser/evaluator.go:94.8,94.54 1 1
github.com/bhmj/expression_parser/evaluator.go:94.54,97.3 1 1
github.com/bhmj/expression_parser/evaluator.go:103.81,106.57 2 1
github.com/bhmj/expression_parser/evaluator.go:115.2,116.12 2 1
github.com/bhmj/expression_parser/evaluator.go:142.2,142.18 1 1
github.com/bhmj/expression_parser/evaluator.go:106.57,113.3 5 1
github.com/bhmj/expression_parser/evaluator.go:117.20,118.38 1 1
github.com/bhmj/expression_parser/evaluator.go:119.14,120.62 1 1
github.com/bhmj/expression_parser/evaluator.go:121.15,122.62 1 1
github.com/bhmj/expression_parser/evaluator.go:123.18,124.62 1 1
github.com/bhmj/expression_parser/evaluator.go:125.16,126.62 1 1
github.com/bhmj/expression_parser/evaluator.go:127.24,128.71 1 1
github.com/bhmj/expression_parser/evaluator.go:129.20,130.85 1 1
github.com/bhmj/expression_parser/evaluator.go:131.19,132.85 1 1
github.com/bhmj/expression_parser/evaluator.go:133.20,134.85 1 1
github.com/bhmj/expression_parser/evaluator.go:135.20,136.54 1 1
github.com/bhmj/expression_parser/evaluator.go:137.19,138.86 1 1
github.com/bhmj/expression_parser/evaluator.go:139.20,140.86 1 1
github.com/bhmj/expression_parser/evaluator.go:147.81,153.61 3 1
github.com/bhmj/expression_parser/evaluator.go:158.2,158.49 1 1
github.com/bhmj/expression_parser/evaluator.go:175.2,175.80 1 1
github.com/bhmj/expression_parser/evaluator.go:181.2,181.31 1 1
github.com/bhmj/expression_parser/evaluator.go:186.2,186.61 1 1
github.com/bhmj/expression_parser/evaluator.go:153.61,157.3 2 1
github.com/bhmj/expression_parser/evaluator.go:158.49,160.41 1 1
github.com/bhmj/expression_parser/evaluator.go:164.3,164.34 1 1
github.com/bhmj/expression_parser/evaluator.go:168.3,168.29 1 1
github.com/bhmj/expression_parser/evaluator.go:171.3,171.52 1 1
github.com/bhmj/expression_parser/evaluator.go:160.41,162.4 1 1
github.com/bhmj/expression_parser/evaluator.go:164.34,166.4 1 1
github.com/bhmj/expression_parser/evaluator.go:168.29,170.4 1 1
github.com/bhmj/expression_parser/evaluator.go:175.80,178.3 1 1
github.com/bhmj/expression_parser/evaluator.go:181.31,183.3 1 1
github.com/bhmj/expression_parser/evaluator.go:190.76,195.45 4 1
github.com/bhmj/expression_parser/evaluator.go:203.2,204.18 2 1
github.com/bhmj/expression_parser/evaluator.go:195.45,196.77 1 1
github.com/bhmj/expression_parser/evaluator.go:199.3,199.20 1 1
github.com/bhmj/expression_parser/evaluator.go:196.77,198.4 1 1
github.com/bhmj/expression_parser/evaluator.go:208.84,211.12 3 1
github.com/bhmj/expression_parser/evaluator.go:225.2,225.18 1 1
github.com/bhmj/expression_parser/evaluator.go:212.11,213.40 1 1
github.com/bhmj/expression_parser/evaluator.go:214.11,215.40 1 1
github.com/bhmj/expression_parser/evaluator.go:216.30,217.41 1 1
github.com/bhmj/expression_parser/evaluator.go:218.36,219.41 1 1
github.com/bhmj/expression_parser/evaluator.go:220.12,221.41 1 1
github.com/bhmj/expression_parser/evaluator.go:222.12,223.41 1 1
github.com/bhmj/expression_parser/evaluator.go:229.84,232.12 3 1
github.com/bhmj/expression_parser/evaluator.go:252.2,252.18 1 1
github.com/bhmj/expression_parser/evaluator.go:233.30,234.53 1 1
github.com/bhmj/expression_parser/evaluator.go:235.11,236.52 1 1
github.com/bhmj/expression_parser/evaluator.go:237.11,238.52 1 1
github.com/bhmj/expression_parser/evaluator.go:239.12,240.53 1 1
github.com/bhmj/expression_parser/evaluator.go:241.12,242.53 1 1
github.com/bhmj/expression_parser/evaluator.go:243.36,244.53 1 1
github.com/bhmj/expression_parser/evaluator.go:245.20,246.56 1 1
github.com/bhmj/expression_parser/evaluator.go:247.23,248.57 1 1
github.com/bhmj/expression_parser/evaluator.go:249.10,250.31 1 0
github.com/bhmj/expression_parser/evaluator.go:256.37,257.25 1 1
github.com/bhmj/expression_parser/evaluator.go:261.2,264.17 3 1
github.com/bhmj/expression_parser/evaluator.go:278.2,278.16 1 1
github.com/bhmj/expression_parser/evaluator.go:257.25,259.3 1 1
github.com/bhmj/expression_parser/evaluator.go:265.19,266.35 1 0
github.com/bhmj/expression_parser/evaluator.go:267.14,268.30 1 1
github.com/bhmj/expression_parser/evaluator.go:269.17,270.14 1 1
github.com/bhmj/expression_parser/evaluator.go:275.16,276.71 1 1
github.com/bhmj/expression_parser/evaluator.go:270.14,272.4 1 1
github.com/bhmj/expression_parser/evaluator.go:272.9,274.4 1 1
github.com/bhmj/expression_parser/evaluator.go:282.37,283.25 1 1
github.com/bhmj/expression_parser/evaluator.go:287.2,290.17 3 1
github.com/bhmj/expression_parser/evaluator.go:314.2,314.16 1 1
github.com/bhmj/expression_parser/evaluator.go:283.25,285.3 1 1
github.com/bhmj/expression_parser/evaluator.go:291.19,292.29 1 0
github.com/bhmj/expression_parser/evaluator.go:293.14,294.20 1 1
github.com/bhmj/expression_parser/evaluator.go:295.17,296.14 1 1
github.com/bhmj/expression_parser/evaluator.go:301.16,302.23 1 1
github.com/bhmj/expression_parser/evaluator.go:311.16,312.29 1 1
github.com/bhmj/expression_parser/evaluator.go:296.14,298.4 1 1
github.com/bhmj/expression_parser/evaluator.go:298.9,300.4 1 1
github.com/bhmj/expression_parser/evaluator.go:302.23,304.4 1 1
github.com/bhmj/expression_parser/evaluator.go:304.9,307.18 3 1
github.com/bhmj/expression_parser/evaluator.go:307.18,309.5 1 1
github.com/bhmj/expression_parser/evaluator.go:318.38,319.26 1 1
github.com/bhmj/expression_parser/evaluator.go:323.2,325.17 3 1
github.com/bhmj/expression_parser/evaluator.go:335.2,335.16 1 1
github.com/bhmj/expression_parser/evaluator.go:319.26,321.3 1 1
github.com/bhmj/expression_parser/evaluator.go:326.27,327.22 1 1
github.com/bhmj/expression_parser/evaluator.go:328.16,329.32 1 1
github.com/bhmj/expression_parser/evaluator.go:330.16,331.57 1 1
github.com/bhmj/expression_parser/evaluator.go:332.16,333.22 1 1
github.com/bhmj/expression_parser/evaluator.go:339.46,340.26 1 1
github.com/bhmj/expression_parser/evaluator.go:343.2,344.30 2 1
github.com/bhmj/expression_parser/evaluator.go:352.2,352.17 1 1
github.com/bhmj/expression_parser/evaluator.go:355.2,355.10 1 1
github.com/bhmj/expression_parser/evaluator.go:340.26,342.3 1 1
github.com/bhmj/expression_parser/evaluator.go:344.30,345.20 1 1
github.com/bhmj/expression_parser/evaluator.go:348.3,348.21 1 1
github.com/bhmj/expression_parser/evaluator.go:345.20,347.4 1 1
github.com/bhmj/expression_parser/evaluator.go:348.21,350.4 1 1
github.com/bhmj/expression_parser/evaluator.go:352.17,354.3 1 1
github.com/bhmj/expression_parser/main.go:154.35,155.37 1 1
github.com/bhmj/expression_parser/main.go:164.2,164.22 1 1
github.com/bhmj/expression_parser/main.go:184.2,184.18 1 0
github.com/bhmj/expression_parser/main.go:155.37,156.40 1 0
github.com/bhmj/expression_parser/main.go:161.3,161.15 1 0
github.com/bhmj/expression_parser/main.go:156.40,157.22 1 0
github.com/bhmj/expression_parser/main.go:157.22,159.5 1 0
github.com/bhmj/expression_parser/main.go:165.17,166.19 1 1
github.com/bhmj/expression_parser/main.go:180.18,181.30 1 0
github.com/bhmj/expression_parser/main.go:167.15,168.17 1 1
github.com/bhmj/expression_parser/main.go:169.20,170.22 1 0
github.com/bhmj/expression_parser/main.go:171.17,172.49 1 1
github.com/bhmj/expression_parser/main.go:173.17,174.55 1 1
github.com/bhmj/expression_parser/main.go:175.18,176.38 1 1
github.com/bhmj/expression_parser/main.go:177.17,178.51 1 1
github.com/bhmj/expression_parser/main.go:187.13,188.22 1 0
github.com/bhmj/expression_parser/main.go:193.2,195.16 2 0
github.com/bhmj/expression_parser/main.go:188.22,191.3 2 0
github.com/bhmj/expression_parser/main.go:195.16,197.3 1 0
github.com/bhmj/expression_parser/main.go:197.8,201.17 3 0
github.com/bhmj/expression_parser/main.go:201.17,203.4 1 0
github.com/bhmj/expression_parser/main.go:203.9,205.4 1 0
github.com/bhmj/expression_parser/main.go:209.60,218.12 7 1
github.com/bhmj/expression_parser/main.go:230.2,232.40 3 1
github.com/bhmj/expression_parser/main.go:274.2,274.40 1 1
github.com/bhmj/expression_parser/main.go:277.2,277.35 1 1
github.com/bhmj/expression_parser/main.go:218.12,220.17 2 1
github.com/bhmj/expression_parser/main.go:223.3,223.17 1 1
github.com/bhmj/expression_parser/main.go:220.17,222.4 1 1
github.com/bhmj/expression_parser/main.go:223.17,226.4 2 1
github.com/bhmj/expression_parser/main.go:232.40,233.25 1 1
github.com/bhmj/expression_parser/main.go:234.18,235.22 1 1
github.com/bhmj/expression_parser/main.go:236.19,237.8 1 1
github.com/bhmj/expression_parser/main.go:254.4,254.23 1 1
github.com/bhmj/expression_parser/main.go:255.27,256.23 1 1
github.com/bhmj/expression_parser/main.go:257.26,258.8 1 1
github.com/bhmj/expression_parser/main.go:269.18,269.18 0 0
github.com/bhmj/expression_parser/main.go:237.8,239.19 2 1
github.com/bhmj/expression_parser/main.go:242.5,242.43 1 1
github.com/bhmj/expression_parser/main.go:245.5,248.110 4 1
github.com/bhmj/expression_parser/main.go:252.5,252.10 1 1
github.com/bhmj/expression_parser/main.go:239.19,240.11 1 1
github.com/bhmj/expression_parser/main.go:242.43,243.11 1 1
github.com/bhmj/expression_parser/main.go:248.110,250.14 2 1
github.com/bhmj/expression_parser/main.go:258.8,260.19 2 1
github.com/bhmj/expression_parser/main.go:263.5,263.43 1 1
github.com/bhmj/expression_parser/main.go:267.5,267.31 1 1
github.com/bhmj/expression_parser/main.go:260.19,262.6 1 1
github.com/bhmj/expression_parser/main.go:263.43,265.11 2 1
github.com/bhmj/expression_parser/main.go:274.41,275.3 0 1
github.com/bhmj/expression_parser/main.go:280.84,283.16 3 1
github.com/bhmj/expression_parser/main.go:287.2,287.20 1 1
github.com/bhmj/expression_parser/main.go:290.2,290.20 1 1
github.com/bhmj/expression_parser/main.go:294.2,294.38 1 1
github.com/bhmj/expression_parser/main.go:307.2,307.38 1 1
github.com/bhmj/expression_parser/main.go:311.2,311.39 1 1
github.com/bhmj/expression_parser/main.go:315.2,315.38 1 1
github.com/bhmj/expression_parser/main.go:319.2,319.20 1 1
github.com/bhmj/expression_parser/main.go:323.2,323.32 1 1
github.com/bhmj/expression_parser/main.go:283.16,285.3 1 0
github.com/bhmj/expression_parser/main.go:287.20,289.3 1 1
github.com/bhmj/expression_parser/main.go:290.20,292.3 1 1
github.com/bhmj/expression_parser/main.go:294.38,295.43 1 1
github.com/bhmj/expression_parser/main.go:295.43,296.53 1 1
github.com/bhmj/expression_parser/main.go:299.4,299.52 1 1
github.com/bhmj/expression_parser/main.go:302.4,302.85 1 1
github.com/bhmj/expression_parser/main.go:296.53,298.5 1 1
github.com/bhmj/expression_parser/main.go:299.52,301.5 1 1
github.com/bhmj/expression_parser/main.go:307.38,309.3 1 1
github.com/bhmj/expression_parser/main.go:311.39,313.3 1 1
github.com/bhmj/expression_parser/main.go:315.38,317.3 1 1
github.com/bhmj/expression_parser/main.go:319.20,321.3 1 1
github.com/bhmj/expression_parser/main.go:326.51,328.19 2 1
github.com/bhmj/expression_parser/main.go:333.2,333.15 1 1
github.com/bhmj/expression_parser/main.go:328.19,329.60 1 1
github.com/bhmj/expression_parser/main.go:329.60,330.9 1 1
github.com/bhmj/expression_parser/main.go:336.35,339.20 3 1
github.com/bhmj/expression_parser/main.go:344.2,344.14 1 1
github.com/bhmj/expression_parser/main.go:339.20,340.60 1 1
github.com/bhmj/expression_parser/main.go:340.60,341.9 1 1
github.com/bhmj/expression_parser/main.go:348.38,349.32 1 1
github.com/bhmj/expression_parser/main.go:354.2,354.14 1 1
github.com/bhmj/expression_parser/main.go:349.32,350.18 1 1
github.com/bhmj/expression_parser/main.go:350.18,352.4 1 1
github.com/bhmj/expression_parser/main.go:357.45,358.29 1 0
github.com/bhmj/expression_parser/main.go:361.2,361.15 1 0
github.com/bhmj/expression_parser/main.go:358.29,360.3 1 0
github.com/bhmj/expression_parser/stack.go:7.46,8.16 1 1
github.com/bhmj/expression_parser/stack.go:11.2,11.12 1 1
github.com/bhmj/expression_parser/stack.go:8.16,10.3 1 1
github.com/bhmj/expression_parser/stack.go:14.35,16.12 2 1
github.com/bhmj/expression_parser/stack.go:19.2,21.14 3 1
github.com/bhmj/expression_parser/stack.go:16.12,18.3 1 1
github.com/bhmj/expression_parser/stack.go:24.36,26.12 2 1
github.com/bhmj/expression_parser/stack.go:29.2,29.20 1 1
github.com/bhmj/expression_parser/stack.go:26.12,28.3 1 1
github.com/bhmj/expression_parser/stack.go:32.37,34.2 1 1
github.com/bhmj/expression_parser/stack.go:36.35,38.27 2 1
github.com/bhmj/expression_parser/stack.go:41.2,41.10 1 1
github.com/bhmj/expression_parser/stack.go:38.27,40.3 1 1
github.com/bhmj/expression_parser/tokens.go:8.58,11.16 3 1
github.com/bhmj/expression_parser/tokens.go:14.2,14.89 1 1
github.com/bhmj/expression_parser/tokens.go:11.16,13.3 1 1
github.com/bhmj/expression_parser/tokens.go:17.58,24.21 7 1
github.com/bhmj/expression_parser/tokens.go:32.2,32.21 1 1
github.com/bhmj/expression_parser/tokens.go:35.2,38.94 3 1
github.com/bhmj/expression_parser/tokens.go:24.21,26.30 2 1
github.com/bhmj/expression_parser/tokens.go:29.3,30.6 2 1
github.com/bhmj/expression_parser/tokens.go:26.30,27.9 1 1
github.com/bhmj/expression_parser/tokens.go:32.21,34.3 1 1
github.com/bhmj/expression_parser/tokens.go:41.56,43.36 2 1
github.com/bhmj/expression_parser/tokens.go:48.2,48.32 1 1
github.com/bhmj/expression_parser/tokens.go:43.36,44.42 1 1
github.com/bhmj/expression_parser/tokens.go:44.42,46.4 1 1
github.com/bhmj/expression_parser/tokens.go:51.56,52.45 1 1
github.com/bhmj/expression_parser/tokens.go:55.2,55.32 1 1
github.com/bhmj/expression_parser/tokens.go:52.45,54.3 1 1
github.com/bhmj/expression_parser/tokens.go:58.58,64.49 6 1
github.com/bhmj/expression_parser/tokens.go:69.2,69.11 1 1
github.com/bhmj/expression_parser/tokens.go:72.2,73.104 2 1
github.com/bhmj/expression_parser/tokens.go:77.2,79.20 3 1
github.com/bhmj/expression_parser/tokens.go:84.2,85.16 2 1
github.com/bhmj/expression_parser/tokens.go:88.2,88.91 1 1
github.com/bhmj/expression_parser/tokens.go:64.49,68.3 3 1
github.com/bhmj/expression_parser/tokens.go:69.11,71.3 1 1
github.com/bhmj/expression_parser/tokens.go:73.104,76.3 2 1
github.com/bhmj/expression_parser/tokens.go:79.20,81.3 1 1
github.com/bhmj/expression_parser/tokens.go:81.8,83.3 1 1
github.com/bhmj/expression_parser/tokens.go:85.16,87.3 1 1
github.com/bhmj/expression_parser/tokens.go:91.42,93.30 2 1
github.com/bhmj/expression_parser/tokens.go:96.2,96.57 1 1
github.com/bhmj/expression_parser/tokens.go:98.2,98.38 1 1
github.com/bhmj/expression_parser/tokens.go:100.2,100.57 1 1
github.com/bhmj/expression_parser/tokens.go:102.2,102.51 1 1
github.com/bhmj/expression_parser/tokens.go:107.2,107.51 1 1
github.com/bhmj/expression_parser/tokens.go:110.2,110.59 1 1
github.com/bhmj/expression_parser/tokens.go:112.2,112.10 1 1
github.com/bhmj/expression_parser/tokens.go:93.30,95.3 1 0
github.com/bhmj/expression_parser/tokens.go:96.58,97.3 0 1
github.com/bhmj/expression_parser/tokens.go:98.39,99.3 0 1
github.com/bhmj/expression_parser/tokens.go:100.58,101.3 0 1
github.com/bhmj/expression_parser/tokens.go:102.51,104.3 1 1
github.com/bhmj/expression_parser/tokens.go:104.8,106.3 1 1
github.com/bhmj/expression_parser/tokens.go:107.51,109.3 1 1
github.com/bhmj/expression_parser/tokens.go:110.60,111.3 0 1
github.com/bhmj/expression_parser/tokens.go:115.45,117.18 2 1
github.com/bhmj/expression_parser/tokens.go:120.2,120.25 1 1
github.com/bhmj/expression_parser/tokens.go:125.2,125.13 1 1
github.com/bhmj/expression_parser/tokens.go:117.18,119.3 1 1
github.com/bhmj/expression_parser/tokens.go:120.25,121.26 1 1
github.com/bhmj/expression_parser/tokens.go:121.26,123.4 1 1
github.com/bhmj/expression_parser/tokens.go:128.38,130.83 2 1
github.com/bhmj/expression_parser/tokens.go:132.2,132.25 1 1
github.com/bhmj/expression_parser/tokens.go:130.84,131.3 0 1
